{"uid":"f45e4aafefefed1a","name":"test_active","fullName":"tests.integration.test_charm#test_active","historyId":"7ab1b6d661c31c6ade3f21dcc43f8b42","time":{"start":1767723739980,"stop":1767723739980,"duration":0},"description":"\n    arrange: build and deploy the charm.\n    act: nothing.\n    assert: that the charm ends up in an active state.\n    ","descriptionHtml":"<pre><code>arrange: build and deploy the charm.\nact: nothing.\nassert: that the charm ends up in an active state.\n</code></pre>\n","status":"broken","statusMessage":"RuntimeError: Failed to build charm at path `../bind-operator`:\n    command used: `sudo -g lxd -E charmcraft pack`\n    stdout: (null)\n    stderr: Launching managed ubuntu 22.04 instance...\nCreating new instance from remote\nCreating new base instance from remote\nFailed to wait for snap refreshes to complete.\n* Command that failed: \"lxc --project charmcraft exec local:base-instance-charmcraft-buildd-base-v71-3e75872519c3ea8f5604 -- env CRAFT_MANAGED_MODE=1 CHARMCRAFT_DEBUG=False CHARMCRAFT_LXD_REMOTE=local CHARMCRAFT_LAUNCHPAD_INSTANCE=production CHARMCRAFT_MANAGED_MODE=1 DEBIAN_FRONTEND=noninteractive DEBCONF_NONINTERACTIVE_SEEN=true DEBIAN_PRIORITY=critical snap watch '--last=auto-refresh?'\"\n* Command exit code: 1\n* Command standard error output: b'error: daemon is stopping to wait for socket activation\\n'\nFull execution log: '/home/runner/.local/state/charmcraft/log/charmcraft-20260106-182223.114050.log'","statusTrace":"Traceback (most recent call last):\n  File \"/home/runner/work/dns-operators/dns-operators/dns-policy-operator/.tox/integration/lib/python3.12/site-packages/_pytest/runner.py\", line 353, in from_call\n    result: TResult | None = func()\n                             ^^^^^^\n  File \"/home/runner/work/dns-operators/dns-operators/dns-policy-operator/.tox/integration/lib/python3.12/site-packages/_pytest/runner.py\", line 245, in <lambda>\n    lambda: runtest_hook(item=item, **kwds),\n            ^^^^^^^^^^^^^^^^^^^^^^^^^^^^^^^\n  File \"/home/runner/work/dns-operators/dns-operators/dns-policy-operator/.tox/integration/lib/python3.12/site-packages/pluggy/_hooks.py\", line 512, in __call__\n    return self._hookexec(self.name, self._hookimpls.copy(), kwargs, firstresult)\n           ^^^^^^^^^^^^^^^^^^^^^^^^^^^^^^^^^^^^^^^^^^^^^^^^^^^^^^^^^^^^^^^^^^^^^^\n  File \"/home/runner/work/dns-operators/dns-operators/dns-policy-operator/.tox/integration/lib/python3.12/site-packages/pluggy/_manager.py\", line 120, in _hookexec\n    return self._inner_hookexec(hook_name, methods, kwargs, firstresult)\n           ^^^^^^^^^^^^^^^^^^^^^^^^^^^^^^^^^^^^^^^^^^^^^^^^^^^^^^^^^^^^^\n  File \"/home/runner/work/dns-operators/dns-operators/dns-policy-operator/.tox/integration/lib/python3.12/site-packages/pluggy/_callers.py\", line 167, in _multicall\n    raise exception\n  File \"/home/runner/work/dns-operators/dns-operators/dns-policy-operator/.tox/integration/lib/python3.12/site-packages/pluggy/_callers.py\", line 139, in _multicall\n    teardown.throw(exception)\n  File \"/home/runner/work/dns-operators/dns-operators/dns-policy-operator/.tox/integration/lib/python3.12/site-packages/_pytest/logging.py\", line 843, in pytest_runtest_setup\n    yield\n  File \"/home/runner/work/dns-operators/dns-operators/dns-policy-operator/.tox/integration/lib/python3.12/site-packages/pluggy/_callers.py\", line 139, in _multicall\n    teardown.throw(exception)\n  File \"/home/runner/work/dns-operators/dns-operators/dns-policy-operator/.tox/integration/lib/python3.12/site-packages/pluggy/_callers.py\", line 53, in run_old_style_hookwrapper\n    return result.get_result()\n           ^^^^^^^^^^^^^^^^^^^\n  File \"/home/runner/work/dns-operators/dns-operators/dns-policy-operator/.tox/integration/lib/python3.12/site-packages/pluggy/_result.py\", line 103, in get_result\n    raise exc.with_traceback(tb)\n  File \"/home/runner/work/dns-operators/dns-operators/dns-policy-operator/.tox/integration/lib/python3.12/site-packages/pluggy/_callers.py\", line 38, in run_old_style_hookwrapper\n    res = yield\n          ^^^^^\n  File \"/home/runner/work/dns-operators/dns-operators/dns-policy-operator/.tox/integration/lib/python3.12/site-packages/pluggy/_callers.py\", line 139, in _multicall\n    teardown.throw(exception)\n  File \"/home/runner/work/dns-operators/dns-operators/dns-policy-operator/.tox/integration/lib/python3.12/site-packages/_pytest/capture.py\", line 895, in pytest_runtest_setup\n    return (yield)\n            ^^^^^\n  File \"/home/runner/work/dns-operators/dns-operators/dns-policy-operator/.tox/integration/lib/python3.12/site-packages/pluggy/_callers.py\", line 121, in _multicall\n    res = hook_impl.function(*args)\n          ^^^^^^^^^^^^^^^^^^^^^^^^^\n  File \"/home/runner/work/dns-operators/dns-operators/dns-policy-operator/.tox/integration/lib/python3.12/site-packages/_pytest/runner.py\", line 165, in pytest_runtest_setup\n    item.session._setupstate.setup(item)\n  File \"/home/runner/work/dns-operators/dns-operators/dns-policy-operator/.tox/integration/lib/python3.12/site-packages/_pytest/runner.py\", line 523, in setup\n    col.setup()\n  File \"/home/runner/work/dns-operators/dns-operators/dns-policy-operator/.tox/integration/lib/python3.12/site-packages/_pytest/python.py\", line 1723, in setup\n    self._request._fillfixtures()\n  File \"/home/runner/work/dns-operators/dns-operators/dns-policy-operator/.tox/integration/lib/python3.12/site-packages/_pytest/fixtures.py\", line 707, in _fillfixtures\n    item.funcargs[argname] = self.getfixturevalue(argname)\n                             ^^^^^^^^^^^^^^^^^^^^^^^^^^^^^\n  File \"/home/runner/work/dns-operators/dns-operators/dns-policy-operator/.tox/integration/lib/python3.12/site-packages/_pytest/fixtures.py\", line 539, in getfixturevalue\n    fixturedef = self._get_active_fixturedef(argname)\n                 ^^^^^^^^^^^^^^^^^^^^^^^^^^^^^^^^^^^^\n  File \"/home/runner/work/dns-operators/dns-operators/dns-policy-operator/.tox/integration/lib/python3.12/site-packages/_pytest/fixtures.py\", line 627, in _get_active_fixturedef\n    fixturedef.execute(request=subrequest)\n  File \"/home/runner/work/dns-operators/dns-operators/dns-policy-operator/.tox/integration/lib/python3.12/site-packages/_pytest/fixtures.py\", line 1068, in execute\n    fixturedef = request._get_active_fixturedef(argname)\n                 ^^^^^^^^^^^^^^^^^^^^^^^^^^^^^^^^^^^^^^^\n  File \"/home/runner/work/dns-operators/dns-operators/dns-policy-operator/.tox/integration/lib/python3.12/site-packages/_pytest/fixtures.py\", line 627, in _get_active_fixturedef\n    fixturedef.execute(request=subrequest)\n  File \"/home/runner/work/dns-operators/dns-operators/dns-policy-operator/.tox/integration/lib/python3.12/site-packages/_pytest/fixtures.py\", line 1110, in execute\n    result: FixtureValue = ihook.pytest_fixture_setup(\n                           ^^^^^^^^^^^^^^^^^^^^^^^^^^^\n  File \"/home/runner/work/dns-operators/dns-operators/dns-policy-operator/.tox/integration/lib/python3.12/site-packages/pluggy/_hooks.py\", line 512, in __call__\n    return self._hookexec(self.name, self._hookimpls.copy(), kwargs, firstresult)\n           ^^^^^^^^^^^^^^^^^^^^^^^^^^^^^^^^^^^^^^^^^^^^^^^^^^^^^^^^^^^^^^^^^^^^^^\n  File \"/home/runner/work/dns-operators/dns-operators/dns-policy-operator/.tox/integration/lib/python3.12/site-packages/pluggy/_manager.py\", line 120, in _hookexec\n    return self._inner_hookexec(hook_name, methods, kwargs, firstresult)\n           ^^^^^^^^^^^^^^^^^^^^^^^^^^^^^^^^^^^^^^^^^^^^^^^^^^^^^^^^^^^^^\n  File \"/home/runner/work/dns-operators/dns-operators/dns-policy-operator/.tox/integration/lib/python3.12/site-packages/pluggy/_callers.py\", line 167, in _multicall\n    raise exception\n  File \"/home/runner/work/dns-operators/dns-operators/dns-policy-operator/.tox/integration/lib/python3.12/site-packages/pluggy/_callers.py\", line 139, in _multicall\n    teardown.throw(exception)\n  File \"/home/runner/work/dns-operators/dns-operators/dns-policy-operator/.tox/integration/lib/python3.12/site-packages/pluggy/_callers.py\", line 53, in run_old_style_hookwrapper\n    return result.get_result()\n           ^^^^^^^^^^^^^^^^^^^\n  File \"/home/runner/work/dns-operators/dns-operators/dns-policy-operator/.tox/integration/lib/python3.12/site-packages/pluggy/_result.py\", line 103, in get_result\n    raise exc.with_traceback(tb)\n  File \"/home/runner/work/dns-operators/dns-operators/dns-policy-operator/.tox/integration/lib/python3.12/site-packages/pluggy/_callers.py\", line 38, in run_old_style_hookwrapper\n    res = yield\n          ^^^^^\n  File \"/home/runner/work/dns-operators/dns-operators/dns-policy-operator/.tox/integration/lib/python3.12/site-packages/pluggy/_callers.py\", line 139, in _multicall\n    teardown.throw(exception)\n  File \"/home/runner/work/dns-operators/dns-operators/dns-policy-operator/.tox/integration/lib/python3.12/site-packages/pluggy/_callers.py\", line 53, in run_old_style_hookwrapper\n    return result.get_result()\n           ^^^^^^^^^^^^^^^^^^^\n  File \"/home/runner/work/dns-operators/dns-operators/dns-policy-operator/.tox/integration/lib/python3.12/site-packages/pluggy/_result.py\", line 103, in get_result\n    raise exc.with_traceback(tb)\n  File \"/home/runner/work/dns-operators/dns-operators/dns-policy-operator/.tox/integration/lib/python3.12/site-packages/pluggy/_callers.py\", line 38, in run_old_style_hookwrapper\n    res = yield\n          ^^^^^\n  File \"/home/runner/work/dns-operators/dns-operators/dns-policy-operator/.tox/integration/lib/python3.12/site-packages/pluggy/_callers.py\", line 139, in _multicall\n    teardown.throw(exception)\n  File \"/home/runner/work/dns-operators/dns-operators/dns-policy-operator/.tox/integration/lib/python3.12/site-packages/_pytest/setuponly.py\", line 36, in pytest_fixture_setup\n    return (yield)\n            ^^^^^\n  File \"/home/runner/work/dns-operators/dns-operators/dns-policy-operator/.tox/integration/lib/python3.12/site-packages/pluggy/_callers.py\", line 121, in _multicall\n    res = hook_impl.function(*args)\n          ^^^^^^^^^^^^^^^^^^^^^^^^^\n  File \"/home/runner/work/dns-operators/dns-operators/dns-policy-operator/.tox/integration/lib/python3.12/site-packages/_pytest/fixtures.py\", line 1202, in pytest_fixture_setup\n    result = call_fixture_func(fixturefunc, request, kwargs)\n             ^^^^^^^^^^^^^^^^^^^^^^^^^^^^^^^^^^^^^^^^^^^^^^^\n  File \"/home/runner/work/dns-operators/dns-operators/dns-policy-operator/.tox/integration/lib/python3.12/site-packages/_pytest/fixtures.py\", line 915, in call_fixture_func\n    fixture_result = fixturefunc(**kwargs)\n                     ^^^^^^^^^^^^^^^^^^^^^\n  File \"/home/runner/work/dns-operators/dns-operators/dns-policy-operator/.tox/integration/lib/python3.12/site-packages/pytest_asyncio/plugin.py\", line 302, in _asyncgen_fixture_wrapper\n    result = event_loop.run_until_complete(setup())\n             ^^^^^^^^^^^^^^^^^^^^^^^^^^^^^^^^^^^^^^\n  File \"/usr/lib/python3.12/asyncio/base_events.py\", line 687, in run_until_complete\n    return future.result()\n           ^^^^^^^^^^^^^^^\n  File \"/home/runner/work/dns-operators/dns-operators/dns-policy-operator/.tox/integration/lib/python3.12/site-packages/pytest_asyncio/plugin.py\", line 284, in setup\n    res = await gen_obj.__anext__()\n          ^^^^^^^^^^^^^^^^^^^^^^^^^\n  File \"/home/runner/work/dns-operators/dns-operators/dns-policy-operator/tests/integration/conftest.py\", line 114, in bind_fixture\n    charm = await ops_test.build_charm(\"../bind-operator/\")\n            ^^^^^^^^^^^^^^^^^^^^^^^^^^^^^^^^^^^^^^^^^^^^^^^\n  File \"/home/runner/work/dns-operators/dns-operators/dns-policy-operator/.tox/integration/lib/python3.12/site-packages/pytest_operator/plugin.py\", line 1241, in build_charm\n    raise RuntimeError(\nRuntimeError: Failed to build charm at path `../bind-operator`:\n    command used: `sudo -g lxd -E charmcraft pack`\n    stdout: (null)\n    stderr: Launching managed ubuntu 22.04 instance...\nCreating new instance from remote\nCreating new base instance from remote\nFailed to wait for snap refreshes to complete.\n* Command that failed: \"lxc --project charmcraft exec local:base-instance-charmcraft-buildd-base-v71-3e75872519c3ea8f5604 -- env CRAFT_MANAGED_MODE=1 CHARMCRAFT_DEBUG=False CHARMCRAFT_LXD_REMOTE=local CHARMCRAFT_LAUNCHPAD_INSTANCE=production CHARMCRAFT_MANAGED_MODE=1 DEBIAN_FRONTEND=noninteractive DEBCONF_NONINTERACTIVE_SEEN=true DEBIAN_PRIORITY=critical snap watch '--last=auto-refresh?'\"\n* Command exit code: 1\n* Command standard error output: b'error: daemon is stopping to wait for socket activation\\n'\nFull execution log: '/home/runner/.local/state/charmcraft/log/charmcraft-20260106-182223.114050.log'","flaky":false,"newFailed":false,"newBroken":true,"newPassed":false,"retriesCount":1,"retriesStatusChange":true,"beforeStages":[{"name":"event_loop","time":{"start":1767723739981,"stop":1767723739981,"duration":0},"status":"passed","steps":[],"attachments":[],"parameters":[],"shouldDisplayMessage":false,"stepsCount":0,"attachmentsCount":0,"hasContent":false,"attachmentStep":false},{"name":"tmp_path_factory","time":{"start":1767723739981,"stop":1767723739981,"duration":0},"status":"passed","steps":[],"attachments":[],"parameters":[],"shouldDisplayMessage":false,"stepsCount":0,"attachmentsCount":0,"hasContent":false,"attachmentStep":false},{"name":"ops_test","time":{"start":1767723739981,"stop":1767723740435,"duration":454},"status":"passed","steps":[],"attachments":[],"parameters":[],"shouldDisplayMessage":false,"stepsCount":0,"attachmentsCount":0,"hasContent":false,"attachmentStep":false},{"name":"pytestconfig","time":{"start":1767723739981,"stop":1767723739981,"duration":0},"status":"passed","steps":[],"attachments":[],"parameters":[],"shouldDisplayMessage":false,"stepsCount":0,"attachmentsCount":0,"hasContent":false,"attachmentStep":false},{"name":"model","time":{"start":1767723740435,"stop":1767723740436,"duration":1},"status":"passed","steps":[],"attachments":[],"parameters":[],"shouldDisplayMessage":false,"stepsCount":0,"attachmentsCount":0,"hasContent":false,"attachmentStep":false},{"name":"bind_metadata","time":{"start":1767723740436,"stop":1767723740439,"duration":3},"status":"passed","steps":[],"attachments":[],"parameters":[],"shouldDisplayMessage":false,"stepsCount":0,"attachmentsCount":0,"hasContent":false,"attachmentStep":false},{"name":"bind_name","time":{"start":1767723740439,"stop":1767723740439,"duration":0},"status":"passed","steps":[],"attachments":[],"parameters":[],"shouldDisplayMessage":false,"stepsCount":0,"attachmentsCount":0,"hasContent":false,"attachmentStep":false},{"name":"bind","time":{"start":1767723740439,"stop":1767723840992,"duration":100553},"status":"broken","statusMessage":"RuntimeError: Failed to build charm at path `../bind-operator`:\n    command used: `sudo -g lxd -E charmcraft pack`\n    stdout: (null)\n    stderr: Launching managed ubuntu 22.04 instance...\nCreating new instance from remote\nCreating new base instance from remote\nFailed to wait for snap refreshes to complete.\n* Command that failed: \"lxc --project charmcraft exec local:base-instance-charmcraft-buildd-base-v71-3e75872519c3ea8f5604 -- env CRAFT_MANAGED_MODE=1 CHARMCRAFT_DEBUG=False CHARMCRAFT_LXD_REMOTE=local CHARMCRAFT_LAUNCHPAD_INSTANCE=production CHARMCRAFT_MANAGED_MODE=1 DEBIAN_FRONTEND=noninteractive DEBCONF_NONINTERACTIVE_SEEN=true DEBIAN_PRIORITY=critical snap watch '--last=auto-refresh?'\"\n* Command exit code: 1\n* Command standard error output: b'error: daemon is stopping to wait for socket activation\\n'\nFull execution log: '/home/runner/.local/state/charmcraft/log/charmcraft-20260106-182223.114050.log'\n\n\n","statusTrace":"  File \"/home/runner/work/dns-operators/dns-operators/dns-policy-operator/.tox/integration/lib/python3.12/site-packages/pluggy/_callers.py\", line 38, in run_old_style_hookwrapper\n    res = yield\n          ^^^^^\n  File \"/home/runner/work/dns-operators/dns-operators/dns-policy-operator/.tox/integration/lib/python3.12/site-packages/pluggy/_callers.py\", line 139, in _multicall\n    teardown.throw(exception)\n  File \"/home/runner/work/dns-operators/dns-operators/dns-policy-operator/.tox/integration/lib/python3.12/site-packages/pluggy/_callers.py\", line 53, in run_old_style_hookwrapper\n    return result.get_result()\n           ^^^^^^^^^^^^^^^^^^^\n  File \"/home/runner/work/dns-operators/dns-operators/dns-policy-operator/.tox/integration/lib/python3.12/site-packages/pluggy/_result.py\", line 103, in get_result\n    raise exc.with_traceback(tb)\n  File \"/home/runner/work/dns-operators/dns-operators/dns-policy-operator/.tox/integration/lib/python3.12/site-packages/pluggy/_callers.py\", line 38, in run_old_style_hookwrapper\n    res = yield\n          ^^^^^\n  File \"/home/runner/work/dns-operators/dns-operators/dns-policy-operator/.tox/integration/lib/python3.12/site-packages/pluggy/_callers.py\", line 139, in _multicall\n    teardown.throw(exception)\n  File \"/home/runner/work/dns-operators/dns-operators/dns-policy-operator/.tox/integration/lib/python3.12/site-packages/_pytest/setuponly.py\", line 36, in pytest_fixture_setup\n    return (yield)\n            ^^^^^\n  File \"/home/runner/work/dns-operators/dns-operators/dns-policy-operator/.tox/integration/lib/python3.12/site-packages/pluggy/_callers.py\", line 121, in _multicall\n    res = hook_impl.function(*args)\n          ^^^^^^^^^^^^^^^^^^^^^^^^^\n  File \"/home/runner/work/dns-operators/dns-operators/dns-policy-operator/.tox/integration/lib/python3.12/site-packages/_pytest/fixtures.py\", line 1202, in pytest_fixture_setup\n    result = call_fixture_func(fixturefunc, request, kwargs)\n             ^^^^^^^^^^^^^^^^^^^^^^^^^^^^^^^^^^^^^^^^^^^^^^^\n  File \"/home/runner/work/dns-operators/dns-operators/dns-policy-operator/.tox/integration/lib/python3.12/site-packages/_pytest/fixtures.py\", line 915, in call_fixture_func\n    fixture_result = fixturefunc(**kwargs)\n                     ^^^^^^^^^^^^^^^^^^^^^\n  File \"/home/runner/work/dns-operators/dns-operators/dns-policy-operator/.tox/integration/lib/python3.12/site-packages/pytest_asyncio/plugin.py\", line 302, in _asyncgen_fixture_wrapper\n    result = event_loop.run_until_complete(setup())\n             ^^^^^^^^^^^^^^^^^^^^^^^^^^^^^^^^^^^^^^\n  File \"/usr/lib/python3.12/asyncio/base_events.py\", line 687, in run_until_complete\n    return future.result()\n           ^^^^^^^^^^^^^^^\n  File \"/home/runner/work/dns-operators/dns-operators/dns-policy-operator/.tox/integration/lib/python3.12/site-packages/pytest_asyncio/plugin.py\", line 284, in setup\n    res = await gen_obj.__anext__()\n          ^^^^^^^^^^^^^^^^^^^^^^^^^\n  File \"/home/runner/work/dns-operators/dns-operators/dns-policy-operator/tests/integration/conftest.py\", line 114, in bind_fixture\n    charm = await ops_test.build_charm(\"../bind-operator/\")\n            ^^^^^^^^^^^^^^^^^^^^^^^^^^^^^^^^^^^^^^^^^^^^^^^\n  File \"/home/runner/work/dns-operators/dns-operators/dns-policy-operator/.tox/integration/lib/python3.12/site-packages/pytest_operator/plugin.py\", line 1241, in build_charm\n    raise RuntimeError(\n","steps":[],"attachments":[],"parameters":[],"shouldDisplayMessage":true,"stepsCount":0,"attachmentsCount":0,"hasContent":true,"attachmentStep":false}],"testStage":{"description":"\n    arrange: build and deploy the charm.\n    act: nothing.\n    assert: that the charm ends up in an active state.\n    ","status":"broken","statusMessage":"RuntimeError: Failed to build charm at path `../bind-operator`:\n    command used: `sudo -g lxd -E charmcraft pack`\n    stdout: (null)\n    stderr: Launching managed ubuntu 22.04 instance...\nCreating new instance from remote\nCreating new base instance from remote\nFailed to wait for snap refreshes to complete.\n* Command that failed: \"lxc --project charmcraft exec local:base-instance-charmcraft-buildd-base-v71-3e75872519c3ea8f5604 -- env CRAFT_MANAGED_MODE=1 CHARMCRAFT_DEBUG=False CHARMCRAFT_LXD_REMOTE=local CHARMCRAFT_LAUNCHPAD_INSTANCE=production CHARMCRAFT_MANAGED_MODE=1 DEBIAN_FRONTEND=noninteractive DEBCONF_NONINTERACTIVE_SEEN=true DEBIAN_PRIORITY=critical snap watch '--last=auto-refresh?'\"\n* Command exit code: 1\n* Command standard error output: b'error: daemon is stopping to wait for socket activation\\n'\nFull execution log: '/home/runner/.local/state/charmcraft/log/charmcraft-20260106-182223.114050.log'","statusTrace":"Traceback (most recent call last):\n  File \"/home/runner/work/dns-operators/dns-operators/dns-policy-operator/.tox/integration/lib/python3.12/site-packages/_pytest/runner.py\", line 353, in from_call\n    result: TResult | None = func()\n                             ^^^^^^\n  File \"/home/runner/work/dns-operators/dns-operators/dns-policy-operator/.tox/integration/lib/python3.12/site-packages/_pytest/runner.py\", line 245, in <lambda>\n    lambda: runtest_hook(item=item, **kwds),\n            ^^^^^^^^^^^^^^^^^^^^^^^^^^^^^^^\n  File \"/home/runner/work/dns-operators/dns-operators/dns-policy-operator/.tox/integration/lib/python3.12/site-packages/pluggy/_hooks.py\", line 512, in __call__\n    return self._hookexec(self.name, self._hookimpls.copy(), kwargs, firstresult)\n           ^^^^^^^^^^^^^^^^^^^^^^^^^^^^^^^^^^^^^^^^^^^^^^^^^^^^^^^^^^^^^^^^^^^^^^\n  File \"/home/runner/work/dns-operators/dns-operators/dns-policy-operator/.tox/integration/lib/python3.12/site-packages/pluggy/_manager.py\", line 120, in _hookexec\n    return self._inner_hookexec(hook_name, methods, kwargs, firstresult)\n           ^^^^^^^^^^^^^^^^^^^^^^^^^^^^^^^^^^^^^^^^^^^^^^^^^^^^^^^^^^^^^\n  File \"/home/runner/work/dns-operators/dns-operators/dns-policy-operator/.tox/integration/lib/python3.12/site-packages/pluggy/_callers.py\", line 167, in _multicall\n    raise exception\n  File \"/home/runner/work/dns-operators/dns-operators/dns-policy-operator/.tox/integration/lib/python3.12/site-packages/pluggy/_callers.py\", line 139, in _multicall\n    teardown.throw(exception)\n  File \"/home/runner/work/dns-operators/dns-operators/dns-policy-operator/.tox/integration/lib/python3.12/site-packages/_pytest/logging.py\", line 843, in pytest_runtest_setup\n    yield\n  File \"/home/runner/work/dns-operators/dns-operators/dns-policy-operator/.tox/integration/lib/python3.12/site-packages/pluggy/_callers.py\", line 139, in _multicall\n    teardown.throw(exception)\n  File \"/home/runner/work/dns-operators/dns-operators/dns-policy-operator/.tox/integration/lib/python3.12/site-packages/pluggy/_callers.py\", line 53, in run_old_style_hookwrapper\n    return result.get_result()\n           ^^^^^^^^^^^^^^^^^^^\n  File \"/home/runner/work/dns-operators/dns-operators/dns-policy-operator/.tox/integration/lib/python3.12/site-packages/pluggy/_result.py\", line 103, in get_result\n    raise exc.with_traceback(tb)\n  File \"/home/runner/work/dns-operators/dns-operators/dns-policy-operator/.tox/integration/lib/python3.12/site-packages/pluggy/_callers.py\", line 38, in run_old_style_hookwrapper\n    res = yield\n          ^^^^^\n  File \"/home/runner/work/dns-operators/dns-operators/dns-policy-operator/.tox/integration/lib/python3.12/site-packages/pluggy/_callers.py\", line 139, in _multicall\n    teardown.throw(exception)\n  File \"/home/runner/work/dns-operators/dns-operators/dns-policy-operator/.tox/integration/lib/python3.12/site-packages/_pytest/capture.py\", line 895, in pytest_runtest_setup\n    return (yield)\n            ^^^^^\n  File \"/home/runner/work/dns-operators/dns-operators/dns-policy-operator/.tox/integration/lib/python3.12/site-packages/pluggy/_callers.py\", line 121, in _multicall\n    res = hook_impl.function(*args)\n          ^^^^^^^^^^^^^^^^^^^^^^^^^\n  File \"/home/runner/work/dns-operators/dns-operators/dns-policy-operator/.tox/integration/lib/python3.12/site-packages/_pytest/runner.py\", line 165, in pytest_runtest_setup\n    item.session._setupstate.setup(item)\n  File \"/home/runner/work/dns-operators/dns-operators/dns-policy-operator/.tox/integration/lib/python3.12/site-packages/_pytest/runner.py\", line 523, in setup\n    col.setup()\n  File \"/home/runner/work/dns-operators/dns-operators/dns-policy-operator/.tox/integration/lib/python3.12/site-packages/_pytest/python.py\", line 1723, in setup\n    self._request._fillfixtures()\n  File \"/home/runner/work/dns-operators/dns-operators/dns-policy-operator/.tox/integration/lib/python3.12/site-packages/_pytest/fixtures.py\", line 707, in _fillfixtures\n    item.funcargs[argname] = self.getfixturevalue(argname)\n                             ^^^^^^^^^^^^^^^^^^^^^^^^^^^^^\n  File \"/home/runner/work/dns-operators/dns-operators/dns-policy-operator/.tox/integration/lib/python3.12/site-packages/_pytest/fixtures.py\", line 539, in getfixturevalue\n    fixturedef = self._get_active_fixturedef(argname)\n                 ^^^^^^^^^^^^^^^^^^^^^^^^^^^^^^^^^^^^\n  File \"/home/runner/work/dns-operators/dns-operators/dns-policy-operator/.tox/integration/lib/python3.12/site-packages/_pytest/fixtures.py\", line 627, in _get_active_fixturedef\n    fixturedef.execute(request=subrequest)\n  File \"/home/runner/work/dns-operators/dns-operators/dns-policy-operator/.tox/integration/lib/python3.12/site-packages/_pytest/fixtures.py\", line 1068, in execute\n    fixturedef = request._get_active_fixturedef(argname)\n                 ^^^^^^^^^^^^^^^^^^^^^^^^^^^^^^^^^^^^^^^\n  File \"/home/runner/work/dns-operators/dns-operators/dns-policy-operator/.tox/integration/lib/python3.12/site-packages/_pytest/fixtures.py\", line 627, in _get_active_fixturedef\n    fixturedef.execute(request=subrequest)\n  File \"/home/runner/work/dns-operators/dns-operators/dns-policy-operator/.tox/integration/lib/python3.12/site-packages/_pytest/fixtures.py\", line 1110, in execute\n    result: FixtureValue = ihook.pytest_fixture_setup(\n                           ^^^^^^^^^^^^^^^^^^^^^^^^^^^\n  File \"/home/runner/work/dns-operators/dns-operators/dns-policy-operator/.tox/integration/lib/python3.12/site-packages/pluggy/_hooks.py\", line 512, in __call__\n    return self._hookexec(self.name, self._hookimpls.copy(), kwargs, firstresult)\n           ^^^^^^^^^^^^^^^^^^^^^^^^^^^^^^^^^^^^^^^^^^^^^^^^^^^^^^^^^^^^^^^^^^^^^^\n  File \"/home/runner/work/dns-operators/dns-operators/dns-policy-operator/.tox/integration/lib/python3.12/site-packages/pluggy/_manager.py\", line 120, in _hookexec\n    return self._inner_hookexec(hook_name, methods, kwargs, firstresult)\n           ^^^^^^^^^^^^^^^^^^^^^^^^^^^^^^^^^^^^^^^^^^^^^^^^^^^^^^^^^^^^^\n  File \"/home/runner/work/dns-operators/dns-operators/dns-policy-operator/.tox/integration/lib/python3.12/site-packages/pluggy/_callers.py\", line 167, in _multicall\n    raise exception\n  File \"/home/runner/work/dns-operators/dns-operators/dns-policy-operator/.tox/integration/lib/python3.12/site-packages/pluggy/_callers.py\", line 139, in _multicall\n    teardown.throw(exception)\n  File \"/home/runner/work/dns-operators/dns-operators/dns-policy-operator/.tox/integration/lib/python3.12/site-packages/pluggy/_callers.py\", line 53, in run_old_style_hookwrapper\n    return result.get_result()\n           ^^^^^^^^^^^^^^^^^^^\n  File \"/home/runner/work/dns-operators/dns-operators/dns-policy-operator/.tox/integration/lib/python3.12/site-packages/pluggy/_result.py\", line 103, in get_result\n    raise exc.with_traceback(tb)\n  File \"/home/runner/work/dns-operators/dns-operators/dns-policy-operator/.tox/integration/lib/python3.12/site-packages/pluggy/_callers.py\", line 38, in run_old_style_hookwrapper\n    res = yield\n          ^^^^^\n  File \"/home/runner/work/dns-operators/dns-operators/dns-policy-operator/.tox/integration/lib/python3.12/site-packages/pluggy/_callers.py\", line 139, in _multicall\n    teardown.throw(exception)\n  File \"/home/runner/work/dns-operators/dns-operators/dns-policy-operator/.tox/integration/lib/python3.12/site-packages/pluggy/_callers.py\", line 53, in run_old_style_hookwrapper\n    return result.get_result()\n           ^^^^^^^^^^^^^^^^^^^\n  File \"/home/runner/work/dns-operators/dns-operators/dns-policy-operator/.tox/integration/lib/python3.12/site-packages/pluggy/_result.py\", line 103, in get_result\n    raise exc.with_traceback(tb)\n  File \"/home/runner/work/dns-operators/dns-operators/dns-policy-operator/.tox/integration/lib/python3.12/site-packages/pluggy/_callers.py\", line 38, in run_old_style_hookwrapper\n    res = yield\n          ^^^^^\n  File \"/home/runner/work/dns-operators/dns-operators/dns-policy-operator/.tox/integration/lib/python3.12/site-packages/pluggy/_callers.py\", line 139, in _multicall\n    teardown.throw(exception)\n  File \"/home/runner/work/dns-operators/dns-operators/dns-policy-operator/.tox/integration/lib/python3.12/site-packages/_pytest/setuponly.py\", line 36, in pytest_fixture_setup\n    return (yield)\n            ^^^^^\n  File \"/home/runner/work/dns-operators/dns-operators/dns-policy-operator/.tox/integration/lib/python3.12/site-packages/pluggy/_callers.py\", line 121, in _multicall\n    res = hook_impl.function(*args)\n          ^^^^^^^^^^^^^^^^^^^^^^^^^\n  File \"/home/runner/work/dns-operators/dns-operators/dns-policy-operator/.tox/integration/lib/python3.12/site-packages/_pytest/fixtures.py\", line 1202, in pytest_fixture_setup\n    result = call_fixture_func(fixturefunc, request, kwargs)\n             ^^^^^^^^^^^^^^^^^^^^^^^^^^^^^^^^^^^^^^^^^^^^^^^\n  File \"/home/runner/work/dns-operators/dns-operators/dns-policy-operator/.tox/integration/lib/python3.12/site-packages/_pytest/fixtures.py\", line 915, in call_fixture_func\n    fixture_result = fixturefunc(**kwargs)\n                     ^^^^^^^^^^^^^^^^^^^^^\n  File \"/home/runner/work/dns-operators/dns-operators/dns-policy-operator/.tox/integration/lib/python3.12/site-packages/pytest_asyncio/plugin.py\", line 302, in _asyncgen_fixture_wrapper\n    result = event_loop.run_until_complete(setup())\n             ^^^^^^^^^^^^^^^^^^^^^^^^^^^^^^^^^^^^^^\n  File \"/usr/lib/python3.12/asyncio/base_events.py\", line 687, in run_until_complete\n    return future.result()\n           ^^^^^^^^^^^^^^^\n  File \"/home/runner/work/dns-operators/dns-operators/dns-policy-operator/.tox/integration/lib/python3.12/site-packages/pytest_asyncio/plugin.py\", line 284, in setup\n    res = await gen_obj.__anext__()\n          ^^^^^^^^^^^^^^^^^^^^^^^^^\n  File \"/home/runner/work/dns-operators/dns-operators/dns-policy-operator/tests/integration/conftest.py\", line 114, in bind_fixture\n    charm = await ops_test.build_charm(\"../bind-operator/\")\n            ^^^^^^^^^^^^^^^^^^^^^^^^^^^^^^^^^^^^^^^^^^^^^^^\n  File \"/home/runner/work/dns-operators/dns-operators/dns-policy-operator/.tox/integration/lib/python3.12/site-packages/pytest_operator/plugin.py\", line 1241, in build_charm\n    raise RuntimeError(\nRuntimeError: Failed to build charm at path `../bind-operator`:\n    command used: `sudo -g lxd -E charmcraft pack`\n    stdout: (null)\n    stderr: Launching managed ubuntu 22.04 instance...\nCreating new instance from remote\nCreating new base instance from remote\nFailed to wait for snap refreshes to complete.\n* Command that failed: \"lxc --project charmcraft exec local:base-instance-charmcraft-buildd-base-v71-3e75872519c3ea8f5604 -- env CRAFT_MANAGED_MODE=1 CHARMCRAFT_DEBUG=False CHARMCRAFT_LXD_REMOTE=local CHARMCRAFT_LAUNCHPAD_INSTANCE=production CHARMCRAFT_MANAGED_MODE=1 DEBIAN_FRONTEND=noninteractive DEBCONF_NONINTERACTIVE_SEEN=true DEBIAN_PRIORITY=critical snap watch '--last=auto-refresh?'\"\n* Command exit code: 1\n* Command standard error output: b'error: daemon is stopping to wait for socket activation\\n'\nFull execution log: '/home/runner/.local/state/charmcraft/log/charmcraft-20260106-182223.114050.log'","steps":[],"attachments":[{"uid":"92758bd4e6f6dc51","name":"log","source":"92758bd4e6f6dc51.txt","type":"text/plain","size":1381}],"parameters":[],"shouldDisplayMessage":true,"stepsCount":0,"attachmentsCount":1,"hasContent":true,"attachmentStep":false},"afterStages":[{"name":"bind_metadata::0","time":{"start":1767723841051,"stop":1767723841051,"duration":0},"status":"passed","steps":[],"attachments":[],"parameters":[],"shouldDisplayMessage":false,"stepsCount":0,"attachmentsCount":0,"hasContent":false,"attachmentStep":false},{"name":"bind_name::0","time":{"start":1767723841051,"stop":1767723841051,"duration":0},"status":"passed","steps":[],"attachments":[],"parameters":[],"shouldDisplayMessage":false,"stepsCount":0,"attachmentsCount":0,"hasContent":false,"attachmentStep":false},{"name":"ops_test::finalizer","time":{"start":1767723841051,"stop":1767723841380,"duration":329},"status":"passed","steps":[],"attachments":[],"parameters":[],"shouldDisplayMessage":false,"stepsCount":0,"attachmentsCount":0,"hasContent":false,"attachmentStep":false},{"name":"event_loop::2","time":{"start":1767723841380,"stop":1767723841380,"duration":0},"status":"passed","steps":[],"attachments":[],"parameters":[],"shouldDisplayMessage":false,"stepsCount":0,"attachmentsCount":0,"hasContent":false,"attachmentStep":false},{"name":"event_loop::_close_event_loop","time":{"start":1767723841380,"stop":1767723841380,"duration":0},"status":"passed","steps":[],"attachments":[],"parameters":[],"shouldDisplayMessage":false,"stepsCount":0,"attachmentsCount":0,"hasContent":false,"attachmentStep":false},{"name":"event_loop::_provide_clean_event_loop","time":{"start":1767723841380,"stop":1767723841381,"duration":1},"status":"passed","steps":[],"attachments":[],"parameters":[],"shouldDisplayMessage":false,"stepsCount":0,"attachmentsCount":0,"hasContent":false,"attachmentStep":false}],"labels":[{"name":"tag","value":"abort_on_fail"},{"name":"tag","value":"asyncio"},{"name":"parentSuite","value":"tests.integration"},{"name":"suite","value":"test_charm"},{"name":"host","value":"runnervmh13bl"},{"name":"thread","value":"14095-MainThread"},{"name":"framework","value":"pytest"},{"name":"language","value":"cpython3"},{"name":"package","value":"tests.integration.test_charm"},{"name":"resultFormat","value":"allure2"}],"parameters":[],"links":[],"hidden":false,"retry":false,"extra":{"severity":"normal","retries":[{"uid":"856a1a83f0c4e0eb","status":"unknown","time":{}}],"categories":[{"name":"Test defects","matchedStatuses":[]}],"history":{"statistic":{"failed":0,"broken":1,"skipped":0,"passed":2,"unknown":0,"total":3},"items":[{"uid":"de73ad27d51e25f0","reportUrl":"../97//#testresult/de73ad27d51e25f0","status":"passed","time":{"start":1767681351154,"stop":1767681351154,"duration":0}},{"uid":"7415d60a1178c4a8","reportUrl":"../96//#testresult/7415d60a1178c4a8","status":"passed","time":{"start":1767638195059,"stop":1767638195060,"duration":1}}]},"tags":["asyncio","abort_on_fail"]},"source":"f45e4aafefefed1a.json","parameterValues":[]}